<?xml version="1.0" encoding="UTF-8"?>
<testng-results ignored="0" total="1" passed="1" failed="0" skipped="0">
  <reporter-output>
  </reporter-output>
  <suite started-at="2022-07-27T19:01:43 IST" name="Default suite" finished-at="2022-07-27T19:02:37 IST" duration-ms="54342">
    <groups>
    </groups>
    <test started-at="2022-07-27T19:01:43 IST" name="Default test" finished-at="2022-07-27T19:02:37 IST" duration-ms="54342">
      <class name="src.com.assesment.Login">
        <test-method is-config="true" signature="beforeTest()[pri:0, instance:src.com.assesment.Login@3f23a3a0]" started-at="2022-07-27T19:01:43 IST" name="beforeTest" finished-at="2022-07-27T19:01:46 IST" duration-ms="2920" status="PASS">
          <reporter-output>
          </reporter-output>
        </test-method> <!-- beforeTest -->
        <test-method signature="readFile()[pri:0, instance:src.com.assesment.Login@3f23a3a0]" started-at="2022-07-27T19:01:46 IST" name="readFile" finished-at="2022-07-27T19:02:36 IST" duration-ms="50389" status="PASS">
          <reporter-output>
          </reporter-output>
        </test-method> <!-- readFile -->
        <test-method is-config="true" signature="AfterTest()[pri:0, instance:src.com.assesment.Login@3f23a3a0]" started-at="2022-07-27T19:02:36 IST" name="AfterTest" finished-at="2022-07-27T19:02:37 IST" duration-ms="959" status="PASS">
          <reporter-output>
          </reporter-output>
        </test-method> <!-- AfterTest -->
      </class> <!-- src.com.assesment.Login -->
    </test> <!-- Default test -->
  </suite> <!-- Default suite -->
</testng-results>
